 3 3 1 2 4 5 6 7 8 9 10 11 12 13 14 95 15 16 17 18 90 19 20 22 22 23 24 31 32 33
Pr(types) no more than 3 ipar=1  last--> 1 1


 4 91 92 93 1 2 3 4 5 6 7 8 12 13 14 95 15 16 17 18 90 19 20 22 22 23 24 31 32 33
xm   (,slei (het)) ipar=2    last--> 1 2


***************************
11 91 92 93 81 82 83 84 85 86 87 88 11 2 3 95 4 5 6 7 90 8 9 10 1 22 23 14 15 16
Rest ipar=0         last-->   1 0

11 91 92 93 81 82 83 84 85 86 87 88 1 2 3 95 4 5 6 7 90 8 9 10 11 22 23 14 15 16
Rest ipar=0         last-->   1 0


2 3 1 2 4 5 6 7 8 9 10 11 12 13 14 95 15 16 17 18 90 19 20 22 22 23 24 31 32 33
Pr(types) no more than 3 ipar=1  last--> 1 1


 4 91 92 93 1 2 3 4 5 6 7 8 12 13 14 95 15 16 17 18 90 19 20 22 22 23 24 31 32 33
xm   (,slei (het)) ipar=2    last--> 1 2
*******************************************


No
4 91 92 93  5 6 7 8 4 3 2 1 12 13 14 95 15 16 17 18 90 19 20 22 22 23 24 31 32 33
slei   (,xm (het)) ipar=2    last--> 1 2




11 91 92 93 81 82 83 84 85 86 87 88 1 2 3 95 4 5 6 7 90 8 9 10 11 22 23 14 15 16
Rest ipar=0         last-->   1 0



4 91 92 93  5 6 7 8 4 3 2 1 12 13 14 95 15 16 17 18 90 19 20 22 22 23 24 31 32 33
slei   (,xm (het)) ipar=2    last--> 1 2

11 91 92 93 81 82 83 84 85 86 87 88 1 2 3 95 4 5 6 7 90 8 9 10 11 22 23 14 15 16
Rest ipar=0         last-->   1 0

      write(*,1919)  xptypes(1),xptypes(2),xptypes(3),
     * xm_types(1,1),xm_types(2,1),xm_types(1,2),xm_types(2,2),
     * slei_types(1,1),slei_types(2,1),slei_types(1,2),slei_types(2,2),
     *     bmin(1),bmin(2),
     *     xlu(1),xle(1),xlo(1),xt(1),std(1),
     *     xlu(2),xle(2),xlo(2),xt(2),std(2),sig,spar,slei(3),
     *    xcost(1), xcost(2),xcost(3),


2 91 92 93 11 3 1 2 5 6 7 8 12 13 14 95 15 16 17 18 90 19 20 22 22 23 24 31 32 33
xm   (,slei (het)) ipar=2    last--> 1 2

2 3 1 2 4 5 6 7 8 9 10 11 12 13 14 95 15 16 17 18 90 19 20 22 22 23 24 31 32 33
Pr(types) no more than 3 ipar=1  last--> 1 1

4 91 92 93  5 6 7 8 1 2 3 4 12 13 14 95 15 16 17 18 90 19 20 22 22 23 24 31 32 33
slei   (,xm (het)) ipar=2    last--> 1 2

1 3 1 2 4 5 6 7 8 9 10 11 12 13 14 95 15 16 17 18 90 19 20 22 22 23 24 31 32 33
Pr(types) no more than 3 ipar=1  last--> 1 1

2 91 92 93 11 3 1 2 5 6 7 8 12 13 14 95 15 16 17 18 90 19 20 22 22 23 24 31 32 33
xm   (,slei (het)) ipar=2    last--> 1 2

13 91 92 93 81 82 83 84 85 86 87 88 1 2 3 95 4 5 6 7 90 8 9 10 11 12 13 14 15 16
Rest ipar=0         last-->   1 0

16 91 92 93 81 82 83 84 85 86 87 88 1 2 3 95 4 5 6 7 90 8 9 10 11 12 13 14 15 16
Rest ipar=0         last-->   1 0

1 3 1 2 4 5 6 7 8 9 10 11 12 13 14 95 15 16 17 18 90 19 20 22 22 23 24 31 32 33
Pr(types) no more than 3 ipar=1  last--> 1 1

3 91 92 93 11 1 2 3 5 6 7 8 12 13 14 95 15 16 17 18 90 19 20 22 22 23 24 31 32 33
xm   (,slei (het)) ipar=2    last--> 1 2

3 91 92 93 11 1 2 3 5 6 7 8 12 13 14 95 15 16 17 18 90 19 20 22 22 23 24 31 32 33
xm   (,slei (het)) ipar=2    last--> 1 2

4 91 92 93 1 2 3 4 5 6 7 8 12 13 14 95 15 16 17 18 90 19 20 22 22 23 24 31 32 33
xm   (,slei (het)) ipar=2    last--> 1 2

2 91 92 93 1 2 3 4 5 6 7 8 12 13 14 95 15 16 17 18 90 19 20 22 22 23 24 31 32 33
xm,slei


 13 91 92 93 81 82 83 84 85 86 87 88 1 2 3 95 4 5 6 7 90 8 9 10 11 12 13 31 32 33
Rest

 3 3 2 1 4 5 6 7 8 9 10 11 12 13 14 95 15 16 17 18 90 19 20 22 22 23 24 31 32 33
Pr(types) no more than 3
 8 91 92 93 1 2 3 4 5 6 7 8 12 13 14 95 15 16 17 18 90 19 20 22 22 23 24 31 32 33
xm,slei
 8 91 92 93 1 2 3 4 5 6 7 8 12 13 14 95 15 16 17 18 90 19 20 22 22 23 24 31 32 33
xm,slei
 8 91 92 93 1 2 3 4 5 6 7 8 12 13 14 95 15 16 17 18 90 19 20 22 22 23 24 31 32 33
xm,slei


 13 91 92 93 81 82 83 84 85 86 87 88 1 2 3 95 4 5 6 7 90 8 9 10 11 12 13 31 32 33
Rest




 24 1 2 3 4 5 6 7 8 9 10 11 12 13 14 95 15 16 17 18 90 19 20 22 22 23 24
All

**************************************************
 17 3 1 2 4 26 5 6 7 8 9 36 10 11 12 13 14 15 16 17
All

 4 4 23 24 26 22 28 24 29 10 21 26 22 23 24 25 22 1 2 3
sigma, spar ,Leisure
 2 1 23 24 26 22 28 4 29 10 21 26 22 3 24 25 2 23 21 22
sigma, spar 
 3 22 23 4 6 22 7 8 9 10 21 26 22 23 24 5 21 1 2 3
Leisure


 17 4 16 15 14 26 13 12 11 10 9 36 8 7 6 5 17 3 2 1
 17 17 16 15 14 26 13 12 11 10 9 36 8 7 6 5 4 3 2 1
All

 3 22 23 4 6 22 7 8 9 10 21 26 22 23 24 5 21 1 2 3
Leisure


 17 17 16 15 14 26 13 12 11 10 9 36 8 7 6 5 4 3 2 1
 17 1 2 3 4 26 5 6 7 8 9 36 10 11 12 13 14 15 16 17
All

 2 22 1 2 6 22 7 8 9 10 21 26 22 23 24 5 21 9 9 9
bmin

 17 1 2 3 4 26 5 6 7 8 9 36 10 11 12 13 14 15 16 17
All

 3 22 23 4 6 22 7 8 9 10 21 26 22 23 24 5 21 1 2 3
Leisure

 4 21 22 23 8 26 5 5 4 3 6 22 8 9 2 1 10 26 27 28
Wage offers Mus and sigmas

 2 22 1 2 6 22 7 8 9 10 21 26 22 23 24 5 21 9 9 9
bmin

 2 1 23 24 26 22 28 4 29 10 21 26 22 3 24 25 2 23 21 22
sigma, spar 





 2 1 23 24 26 22 28 4 29 10 21 26 22 3 24 25 2 23 21 22
sigma, spar 


 3 22 23 4 6 22 7 8 9 10 21 26 22 23 24 5 21 1 2 3
Leisure

 17 17 16 15 14 26 13 12 11 10 9 36 8 7 6 5 4 3 2 1
 17 1 2 3 4 26 5 6 7 8 9 36 10 11 12 13 14 15 16 17
All


 2 1 23 24 26 22 28 4 29 10 21 26 22 3 24 25 2 23 21 22
sigma, spar 


 17 17 16 15 14 26 13 12 11 10 9 36 8 7 6 5 4 3 2 1
 17 1 2 3 4 26 5 6 7 8 9 36 10 11 12 13 14 15 16 17
All




 17 1 2 3 4 26 5 6 7 8 9 36 10 11 12 13 14 15 16 17
All


 4 21 22 23 8 26 5 5 4 3 6 22 8 9 2 1 10 26 27 28
Wage offers Mus and sigmas

 17 1 2 3 4 26 5 6 7 8 9 36 10 11 12 13 14 15 16 17
All

 9 29 27 28 1 26 2 3 29 29 4 36 5 6 12 13 14 7 8 9
Arrival rates and leisure





 17 17 16 15 14 26 13 12 11 10 9 36 8 7 6 5 4 3 2 1
 17 1 2 3 4 26 5 6 7 8 9 36 10 11 12 13 14 15 16 17
All

 9 29 27 28 1 26 2 3 29 29 4 36 5 6 12 13 14 7 8 9
Arrival rates and leisure

 17 1 2 3 4 26 5 6 7 8 9 36 10 11 12 13 14 15 16 17
All



 3 22 23 4 6 22 7 8 9 10 21 26 22 23 24 5 21 1 2 3
Leisure

 4 21 22 23 8 26 5 5 4 3 6 22 8 9 2 1 10 26 27 28
Wage offers Mus and sigmas

 4 21 2 4 8 26 5 5 1 43 6 22 8 9 3 11 10 26 27 28
Wage offers Mus and bmin

 4 3 23 24 26 22 28 2 29 10 21 26 22 1 24 25 4 23 21 22
sigma, spar and thetas


 7 4 23 24 26 22 28 6 29 10 21 26 22 7 24 25 5 3 1 2
Leisure sigma, spar and thetas, fix bmin, wages and lambda offers

 2 21 2 4 8 26 5 5 1 43 6 22 8 9 3 11 10 26 27 28
Wage offers Mus and bmin

 3 22 23 4 6 22 7 8 9 10 21 26 22 23 24 5 21 1 2 3
Leisure


 2 21 2 4 8 26 5 5 1 43 6 22 8 9 3 11 10 26 27 28
Wage offers Mus and bmin

 4 21 22 23 8 26 5 5 4 3 6 22 8 9 2 1 10 26 27 28
Wage offers Mus and sigmas




 15 1 22 23 2 26 3 4 5 6 7 36 8 9 10 11 12 13 14 15
All but bmin


 3 22 23 4 6 22 7 8 9 10 21 26 22 23 24 5 21 1 2 3
Leisure

 4 21 22 23 8 26 5 5 1 2 6 22 8 9 3 4 10 26 27 28
 4 21 22 23 8 26 5 5 4 3 6 22 8 9 2 1 10 26 27 28
Wage offers Mus and sigmas

 17 1 2 3 4 26 5 6 7 8 9 36 10 11 12 13 14 15 16 17
All


 11 29 7 8 1 26 2 3 29 29 4 36 5 6 12 13 14 9 10 11
Arrival rates,bmin and leisure

 5 22 5 4 6 22 7 8 9 10 21 26 22 23 24 9 21 3 1 2
bmin and Leisure

 5 22 5 4 6 22 7 8 9 10 21 26 22 23 24 9 21 3 1 2
bmin abd Leisure


 2 9 1 2 21 26 22 23 24 25 5 22 4 3 9 21 9 26 27 28
bmin


 2 2 22 23 21 26 22 23 24 25 5 22 4 3 9 21 1 26 27 28
Borrowing Constraint and util

 3 22 23 4 6 22 7 8 9 10 21 26 22 23 24 5 21 3 1 2
Leisure

 6 9 9 9 1 26 2 3 9 9 4 36 5 6 12 13 14 15 16 17
Arrival rates

 4 21 22 23 8 26 5 5 4 3 6 22 8 9 2 1 10 26 27 28
 4 21 22 23 8 26 5 5 1 2 6 22 8 9 3 4 10 26 27 28
Wage offers Mus and sigmas

 2 9 1 2 21 26 22 23 24 25 5 22 4 3 9 21 9 26 27 28
bmin

 17 1 2 3 4 26 5 6 7 8 9 36 10 11 12 13 14 15 16 17
All



 15 8 9 10 11 26 12 13 14 15 1 22 2 3 31 32 4 5 6 7
"All"
 15 1 2 3 4 26 5 6 7 8 9 22 10 11 39 30 12 13 14 15
"All"

 4 21 22 23 21 26 22 23 24 25 8 22 2 1 8 8 10 5 3 4
Woman theta pi Leisure

 17 1 2 3 4 26 5 6 7 8 9 36 10 11 12 13 14 15 16 17
All

 5 21 22 23 3 26 2 1 4 5 6 22 8 9 13 14 10 26 27 28
Men labor market

 3 22 23 4 6 22 7 8 9 10 21 26 22 23 24 5 21 3 1 2
Leisure

 1 2 22 23 21 26 22 23 24 25 5 22 4 3 9 21 1 26 27 28
Borrowing Constraint and util

 5 21 22 23 21 26 22 23 24 25 2 22 3 1 4 5 10 26 27 28
Woman labor market
 3 22 23 4 6 22 7 8 9 10 21 26 22 23 24 5 21 3 1 2
Leisure
 2 9 1 2 21 26 22 23 24 25 5 22 4 3 9 21 9 26 27 28
bmin


 17 1 2 3 4 26 5 6 7 8 9 36 10 11 12 13 14 15 16 17
All
 17 1 2 3 4 26 5 6 7 8 9 36 10 11 12 13 14 15 16 17
 15 1 2 3 4 26 5 26 6 7 8 36 9 21 10 11 12 13 14 15

 7 17 11 12 23 26 1 2 3 4 5 36 6 7 8 9 10 14 15 16
 12 17 11 12 23 26 1 2 3 4 5 36 6 7 8 9 10 14 15 16
 13 17 1 2 3 26 4 5 6 7 8 36 9 10 11 12 13 14 15 16
 17 1 2 3 4 26 5 6 7 8 15 36 16 17 9 10 11 12 13 14
 14 1 2 3 4 26 5 6 7 8 37 22 38 39 9 10 11 12 13 14
 10 1 2 3 4 26 5 6 7 8 37 22 38 39 9 10 21 11 12 13
All
 10 1 2 3 4 26 5 6 7 8 37 22 38 39 9 10 11 26 27 28
 10 10 9 8 7 26 6 5 4 3 37 22 38 39 2 1 30 26 27 28
 11 1 2 3 4 26 5 6 7 8 37 22 38 39 9 10 11 26 27 28
"All"

 1 2 22 23 21 26 22 23 24 25 5 22 4 3 9 21 1 26 27 28
Borrowing Constraint and util

 3 21 22 23 21 26 22 23 24 25 2 22 3 1 4 5 10 26 27 28
 5 21 22 23 21 26 22 23 24 25 2 22 3 1 4 5 10 26 27 28
Woman labor market



 3 22 23 4 6 22 7 8 9 10 21 26 22 23 24 5 21 3 1 2
Leisure

 5 10 22 23 9 26 22 9 9 9 5 22 4 3 2 1 21 11 12 13
 5 21 22 23 21 26 22 23 24 25 2 22 3 1 4 5 10 26 27 28
Woman labor market

 2 1 22 23 21 26 22 23 24 25 5 22 4 3 9 21 2 26 27 28
Borrowing Constraint and util

 2 9 1 2 21 26 22 23 24 25 5 22 4 3 9 21 9 26 27 28
bmin







 10 10 22 23 1 26 22 2 3 4 5 22 6 7 8 9 21 11 12 13
All
 11 11 12 13 1 26 2 3 4 5 37 22 38 39 6 7 21 8 9 10
All

 3 22 23 4 6 22 7 8 9 10 21 26 22 23 24 5 21 3 1 2
Leisure

 1 21 22 23 21 26 22 23 24 25 5 22 4 3 2 21 1 26 27 28
Borrowing Constraint


 3 22 23 4 6 22 7 8 9 10 21 26 22 23 24 5 21 3 1 2
Leisure

 11 11 12 13 1 26 2 3 4 5 37 22 38 39 6 7 21 8 9 10
All

 3 11 12 13 4 26 5 6 7 8 37 22 38 39 9 10 21 3 2 1
 13 11 12 13 4 26 5 6 7 8 37 22 38 39 9 10 21 1 2 3
All

 5 21 22 23 21 26 22 23 24 25 2 22 3 1 4 5 10 26 27 28
Woman labor market

 5 21 22 23 3 26 2 1 4 5 6 22 8 9 13 14 10 26 27 28
Men labor market


 10 1 2 3 4 26 5 6 7 8 37 22 38 39 9 10 11 26 27 28
 10 10 9 8 7 26 6 5 4 3 37 22 38 39 2 1 30 26 27 28
 11 1 2 3 4 26 5 6 7 8 37 22 38 39 9 10 11 26 27 28
"All"

 3 22 23 4 6 22 7 8 9 10 21 26 22 23 24 5 21 3 1 2
Leisure



 1 1 22 23 2 26 2 3 4 5 6 22 8 9 13 14 10 26 27 28
Util


 1 1 22 23 2 26 2 3 4 5 6 22 8 9 13 14 10 26 27 28
Util

 1 21 22 23 21 26 22 23 24 25 5 22 4 3 2 21 1 26 27 28
Borrowing Constraint

 11 1 2 3 4 26 5 6 7 8 37 22 38 39 9 10 11 26 27 28
 10 10 9 8 7 26 6 5 4 3 37 22 38 39 2 1 30 26 27 28
"All"

 5 21 22 23 21 26 22 23 24 25 1 22 2 3 4 5 10 26 27 28
 2 21 22 23 21 26 22 23 24 25 5 22 4 3 2 1 10 26 27 28
 2 21 22 23 21 26 22 23 24 25 2 22 22 1 4 5 10 26 27 28
Woman labor market


 14 1 22 23 2 26 3 4 5 6 7 22 8 9 13 14 10 26 27 28
Men labor market utility

 10 10 9 8 7 26 6 5 4 3 37 22 38 39 2 1 30 26 27 28
"All"
 1 1 22 23 2 26 2 3 4 5 6 22 8 9 13 14 10 26 27 28
Util
 6 9 1 2 34 26 35 36 3 4 37 22 38 39 5 6  30 26 27 28
 6 4 1 2 34 26 35 36 3 4 37 22 38 39 4 6  30 26 27 28
bmins+wages
 2 21 22 23 21 26 22 23 24 25 5 22 4 3 2 1 10 26 27 28
 2 21 22 23 21 26 22 23 24 25 2 22 22 1 4 5 10 26 27 28
 5 21 22 23 21 26 22 23 24 25 1 22 2 3 4 5 10 26 27 28
Woman labor market
 14 1 22 23 2 26 3 4 5 6 7 22 8 9 13 14 10 26 27 28
Men labor market utility
 1 21 22 23 21 26 22 23 24 25 5 22 4 3 2 21 1 26 27 28
Borrowing Constraint
 5 21 22 23 1 26 2 3 4 5 6 22 8 9 13 14 10 26 27 28
Men labor market
 10 10 21 20 9 26 8 7 6 5 4 22 3 24 2 1 21 26 27 28
 12 12 11 10 9 26 8 7 6 5 4 22 3 24 2 1 21 26 27 28
 3 1 2 3 4 26 5 6 11 12 7 22 8 9 13 14 10 26 27 28
 2 14 13 12 11 26 10 9 8 7 6 22 5 4 1 2 3 26 27 28
 14 1 2 3 4 26 5 6 11 12 7 22 8 9 13 14 10 26 27 28
 2 14 13 12 11 26 10 9 8 7 6 22 5 4 1 2 3 26 27 28
 14 1 2 3 4 26 5 6 11 12 7 22 8 9 13 14 10 26 27 28
 14 14 13 12 11 26 10 9 8 7 6 22 5 4 3 2 1 26 27 28
 6 11 12 13 4 22 5 6 29 12 10 1 26 2 3 24 25 26 27 28 29
 6 11 12 13 1 26 2 3 24 25 4 22 5 6 29 21 10 26 27 28
 14 3 1 2 4 26 5 6 11 12 7 22 8 9 13 14 10 26 27 28
 9 3 1 2 6 22 7 8 9 10 21 26 22 23 24 5 21 26 27 28
 6 11 12 13 1 26 2 3 24 25 4 22 5 6 29 21 10 26 27 28
 3 3 1 2 6 22 7 8 9 10 21 26 22 23 24 5 21 26 27 28
 2 1 4 3 6 22 7 8 9 10 21 26 22 23 24 25 2 26 27 28
 2 2 12 13 6 22 7 8 9 10 21 26 22 23 4 5 1 26 27 28
 6 11 12 13 4 22 5 6 29 12 10 1 26 2 3 24 25 26 27 28 29
 4 11 12 13 21 26 22 23 1 2 26 22 27 28 3 4 11 26 27 28
 4 12 12 13 6 22 7 8 3 4 21 26 22 23 1 2 21 26 27 28
 4 11 12 13 21 26 22 23 1 2 26 22 27 28 3 4 26 27 28
 2 2 12 13 6 22 7 8 9 10 21 26 22 23 4 5 1 26 27 28
 3 1 2 3 6 22 7 8 9 10 21 26 22 23 24 5 21 26 27 28
 6 11 12 13 4 22 5 6 29 210 1 26 2 3 24 25 26 27 28
 14 11 12 13 6 22 7 8 9 10 3 26 4 5 1 2 14 26 27 28
 3 1 2 3 6 22 7 8 9 10 21 26 22 23 24 5 21 26 27 28
 2 3 1 2 6 22 7 8 9 10 21 26 22 23 24 5 21 26 27 28
 3 22 23 4 6 22 7 8 9 10 21 26 22 23 24 5 21 3 1 2

 3 22 23 4 6 22 7 8 9 10 21 26 22 23 24 5 21 1 2 3
 17 11 12 13 1 26 2 3 4 5 6 22 7 8 9 10 14 15 16 17
 3 22 23 4 6 22 7 8 9 10 21 26 22 23 24 5 21 1 2 3

 17 11 12 13 6 22 7 8 9 10 1 26 2 3 4 5 14 15 16 17
 2 1 12 13 6 22 7 8 9 10 21 26 22 23 4 5 2 26 27 28
 17 11 12 13 6 22 7 8 9 10 1 26 2 3 4 5 14 15 16 17
